2020-03-06 10:23:45 - Starting EmartApplication on DESKTOP-IUOIBQ3 with PID 13736 (E:\eMart\emart\target\classes started by DELL in E:\eMart\emart)
2020-03-06 10:23:45 - No active profile set, falling back to default profiles: default
2020-03-06 10:23:46 - The Class-Path manifest attribute in C:\Users\DELL\.m2\repository\org\glassfish\jaxb\jaxb-runtime\2.3.2\jaxb-runtime-2.3.2.jar referenced one or more files that do not exist: file:/C:/Users/DELL/.m2/repository/org/glassfish/jaxb/jaxb-runtime/2.3.2/jakarta.xml.bind-api-2.3.2.jar,file:/C:/Users/DELL/.m2/repository/org/glassfish/jaxb/jaxb-runtime/2.3.2/txw2-2.3.2.jar,file:/C:/Users/DELL/.m2/repository/org/glassfish/jaxb/jaxb-runtime/2.3.2/istack-commons-runtime-3.0.8.jar,file:/C:/Users/DELL/.m2/repository/org/glassfish/jaxb/jaxb-runtime/2.3.2/stax-ex-1.8.1.jar,file:/C:/Users/DELL/.m2/repository/org/glassfish/jaxb/jaxb-runtime/2.3.2/FastInfoset-1.2.16.jar,file:/C:/Users/DELL/.m2/repository/org/glassfish/jaxb/jaxb-runtime/2.3.2/jakarta.activation-api-1.2.1.jar
2020-03-06 10:23:46 - Devtools property defaults active! Set 'spring.devtools.add-properties' to 'false' to disable
2020-03-06 10:23:46 - For additional web related logging consider setting the 'logging.level.web' property to 'DEBUG'
2020-03-06 10:23:46 - Bootstrapping Spring Data JPA repositories in DEFAULT mode.
2020-03-06 10:23:47 - Finished Spring Data repository scanning in 108ms. Found 6 JPA repository interfaces.
2020-03-06 10:23:47 - Bean 'org.springframework.transaction.annotation.ProxyTransactionManagementConfiguration' of type [org.springframework.transaction.annotation.ProxyTransactionManagementConfiguration] is not eligible for getting processed by all BeanPostProcessors (for example: not eligible for auto-proxying)
2020-03-06 10:23:48 - Tomcat initialized with port(s): 8099 (http)
2020-03-06 10:23:48 - Starting service [Tomcat]
2020-03-06 10:23:48 - Starting Servlet engine: [Apache Tomcat/9.0.30]
2020-03-06 10:23:48 - Initializing Spring embedded WebApplicationContext
2020-03-06 10:23:48 - Root WebApplicationContext: initialization completed in 2226 ms
2020-03-06 10:23:48 - HHH000204: Processing PersistenceUnitInfo [name: default]
2020-03-06 10:23:48 - HHH000412: Hibernate Core {5.4.10.Final}
2020-03-06 10:23:48 - HCANN000001: Hibernate Commons Annotations {5.1.0.Final}
2020-03-06 10:23:49 - HikariPool-1 - Starting...
2020-03-06 10:23:49 - HikariPool-1 - Start completed.
2020-03-06 10:23:49 - HHH000400: Using dialect: org.hibernate.dialect.MySQL5Dialect
2020-03-06 10:23:50 - HHH000490: Using JtaPlatform implementation: [org.hibernate.engine.transaction.jta.platform.internal.NoJtaPlatform]
2020-03-06 10:23:50 - Initialized JPA EntityManagerFactory for persistence unit 'default'
2020-03-06 10:23:50 - LiveReload server is running on port 35729
2020-03-06 10:23:51 - spring.jpa.open-in-view is enabled by default. Therefore, database queries may be performed during view rendering. Explicitly configure spring.jpa.open-in-view to disable this warning
2020-03-06 10:23:51 - Initializing ExecutorService 'applicationTaskExecutor'
2020-03-06 10:23:51 - Tomcat started on port(s): 8099 (http) with context path ''
2020-03-06 10:23:51 - Started EmartApplication in 6.511 seconds (JVM running for 7.192)
2020-03-06 10:26:18 - Initializing Spring DispatcherServlet 'dispatcherServlet'
2020-03-06 10:26:18 - Initializing Servlet 'dispatcherServlet'
2020-03-06 10:26:18 - Completed initialization in 21 ms
